<?xml version="1.0" encoding="UTF-8"?>
<coverage generated="1572100054672" clover="3.2.0">
  <project timestamp="1572100054674" name="All files">
    <metrics statements="4" coveredstatements="4" conditionals="0" coveredconditionals="0" methods="1" coveredmethods="1" elements="5" coveredelements="5" complexity="0" loc="4" ncloc="4" packages="1" files="1" classes="1">
      <file name="HelloWorld.vue" path="/Users/macbook/github.com/leenawat/vue-typescript-first/src/components/HelloWorld.vue">
        <metrics statements="4" coveredstatements="4" conditionals="0" coveredconditionals="0" methods="1" coveredmethods="1"/>
        <line num="35" count="1" type="stmt"/>
        <line num="38" count="2" type="stmt"/>
        <line num="39" count="1" type="stmt"/>
        <line num="40" count="1" type="stmt"/>
      </file>
    </metrics>
  </project>
</coverage>
