{"/Users/macbook/github.com/leenawat/vue-typescript-first/src/components/HelloWorld.vue": {"path":"/Users/macbook/github.com/leenawat/vue-typescript-first/src/components/HelloWorld.vue","statementMap":{"0":{"start":{"line":35,"column":0},"end":{"line":null,"column":-1}},"1":{"start":{"line":38,"column":0},"end":{"line":40,"column":0}},"2":{"start":{"line":38,"column":0},"end":{"line":null,"column":-1}},"3":{"start":{"line":39,"column":0},"end":{"line":null,"column":-1}},"4":{"start":{"line":40,"column":0},"end":{"line":null,"column":-1}}},"fnMap":{"0":{"name":"(anonymous_1)","decl":{"start":{"line":38,"column":0},"end":{"line":null,"column":-1}},"loc":{"start":{"line":38,"column":0},"end":{"line":40,"column":0}}}},"branchMap":{},"s":{"0":1,"1":1,"2":2,"3":1,"4":1},"f":{"0":2},"b":{}}
}
